The system is: Linux - 5.15.0-69-generic - x86_64
Compiling the C compiler identification source file "CMakeCCompilerId.c" succeeded.
Compiler: /home/amir/anaconda3/envs/scand/bin/cc 
Build flags: 
Id flags:  

The output was:
0


Compilation of the C compiler identification source "CMakeCCompilerId.c" produced "a.out"

The C compiler identification is GNU, found in "/home/amir/Desktop/BC-SCAND/scandparser/build/CMakeFiles/3.16.3/CompilerIdC/a.out"

Compiling the CXX compiler identification source file "CMakeCXXCompilerId.cpp" succeeded.
Compiler: /usr/bin/c++ 
Build flags: 
Id flags:  

The output was:
0


Compilation of the CXX compiler identification source "CMakeCXXCompilerId.cpp" produced "a.out"

The CXX compiler identification is GNU, found in "/home/amir/Desktop/BC-SCAND/scandparser/build/CMakeFiles/3.16.3/CompilerIdCXX/a.out"

Determining if the C compiler works passed with the following output:
Change Dir: /home/amir/Desktop/BC-SCAND/scandparser/build/CMakeFiles/CMakeTmp

Run Build Command(s):/usr/bin/make cmTC_d81e2/fast && /usr/bin/make -f CMakeFiles/cmTC_d81e2.dir/build.make CMakeFiles/cmTC_d81e2.dir/build
make[1]: Entering directory '/home/amir/Desktop/BC-SCAND/scandparser/build/CMakeFiles/CMakeTmp'
Building C object CMakeFiles/cmTC_d81e2.dir/testCCompiler.c.o
/home/amir/anaconda3/envs/scand/bin/cc    -o CMakeFiles/cmTC_d81e2.dir/testCCompiler.c.o   -c /home/amir/Desktop/BC-SCAND/scandparser/build/CMakeFiles/CMakeTmp/testCCompiler.c
Linking C executable cmTC_d81e2
/usr/bin/cmake -E cmake_link_script CMakeFiles/cmTC_d81e2.dir/link.txt --verbose=1
/home/amir/anaconda3/envs/scand/bin/cc      -rdynamic CMakeFiles/cmTC_d81e2.dir/testCCompiler.c.o  -o cmTC_d81e2 
make[1]: Leaving directory '/home/amir/Desktop/BC-SCAND/scandparser/build/CMakeFiles/CMakeTmp'



Detecting C compiler ABI info compiled with the following output:
Change Dir: /home/amir/Desktop/BC-SCAND/scandparser/build/CMakeFiles/CMakeTmp

Run Build Command(s):/usr/bin/make cmTC_d1eee/fast && /usr/bin/make -f CMakeFiles/cmTC_d1eee.dir/build.make CMakeFiles/cmTC_d1eee.dir/build
make[1]: Entering directory '/home/amir/Desktop/BC-SCAND/scandparser/build/CMakeFiles/CMakeTmp'
Building C object CMakeFiles/cmTC_d1eee.dir/CMakeCCompilerABI.c.o
/home/amir/anaconda3/envs/scand/bin/cc   -v -o CMakeFiles/cmTC_d1eee.dir/CMakeCCompilerABI.c.o   -c /usr/share/cmake-3.16/Modules/CMakeCCompilerABI.c
Reading specs from /home/amir/anaconda3/envs/scand/bin/../lib/gcc/x86_64-conda-linux-gnu/9.5.0/specs
could not find specs file conda.specs
COLLECT_GCC=/home/amir/anaconda3/envs/scand/bin/cc
Target: x86_64-conda-linux-gnu
Configured with: ../configure --prefix=/home/conda/feedstock_root/build_artifacts/gcc_compilers_1666516802267/_h_env_placehold_placehold_placehold_placehold_placehold_placehold_placehold_placehold_placehold_placehold_placehold_placehold_placehold_placehold_placehold_placehold_placehold_placeho --with-slibdir=/home/conda/feedstock_root/build_artifacts/gcc_compilers_1666516802267/_h_env_placehold_placehold_placehold_placehold_placehold_placehold_placehold_placehold_placehold_placehold_placehold_placehold_placehold_placehold_placehold_placehold_placehold_placeho/lib --libdir=/home/conda/feedstock_root/build_artifacts/gcc_compilers_1666516802267/_h_env_placehold_placehold_placehold_placehold_placehold_placehold_placehold_placehold_placehold_placehold_placehold_placehold_placehold_placehold_placehold_placehold_placehold_placeho/lib --mandir=/home/conda/feedstock_root/build_artifacts/gcc_compilers_1666516802267/_h_env_placehold_placehold_placehold_placehold_placehold_placehold_placehold_placehold_placehold_placehold_placehold_placehold_placehold_placehold_placehold_placehold_placehold_placeho/man --build=x86_64-conda-linux-gnu --host=x86_64-conda-linux-gnu --target=x86_64-conda-linux-gnu --enable-default-pie --enable-languages=c,c++,fortran,objc,obj-c++ --enable-__cxa_atexit --disable-libmudflap --enable-libgomp --disable-libssp --enable-libquadmath --enable-libquadmath-support --enable-libsanitizer --enable-lto --enable-threads=posix --enable-target-optspace --enable-plugin --enable-gold --disable-nls --disable-bootstrap --disable-multilib --enable-long-long --with-sysroot=/home/conda/feedstock_root/build_artifacts/gcc_compilers_1666516802267/_h_env_placehold_placehold_placehold_placehold_placehold_placehold_placehold_placehold_placehold_placehold_placehold_placehold_placehold_placehold_placehold_placehold_placehold_placeho/x86_64-conda-linux-gnu/sysroot --with-build-sysroot=/home/conda/feedstock_root/build_artifacts/gcc_compilers_1666516802267/_build_env/x86_64-conda-linux-gnu/sysroot --with-gxx-include-dir=/home/conda/feedstock_root/build_artifacts/gcc_compilers_1666516802267/_h_env_placehold_placehold_placehold_placehold_placehold_placehold_placehold_placehold_placehold_placehold_placehold_placehold_placehold_placehold_placehold_placehold_placehold_placeho/x86_64-conda-linux-gnu/include/c++/9.5.0 --with-pkgversion='conda-forge gcc 9.5.0-19' --with-bugurl=https://github.com/conda-forge/ctng-compilers-feedstock/issues/new/choose
Thread model: posix
gcc version 9.5.0 (conda-forge gcc 9.5.0-19) 
COLLECT_GCC_OPTIONS='-v' '-o' 'CMakeFiles/cmTC_d1eee.dir/CMakeCCompilerABI.c.o' '-c' '-mtune=generic' '-march=x86-64'
 /home/amir/anaconda3/envs/scand/bin/../libexec/gcc/x86_64-conda-linux-gnu/9.5.0/cc1 -quiet -v -iprefix /home/amir/anaconda3/envs/scand/bin/../lib/gcc/x86_64-conda-linux-gnu/9.5.0/ -isysroot /home/amir/anaconda3/envs/scand/bin/../x86_64-conda-linux-gnu/sysroot /usr/share/cmake-3.16/Modules/CMakeCCompilerABI.c -quiet -dumpbase CMakeCCompilerABI.c -mtune=generic -march=x86-64 -auxbase-strip CMakeFiles/cmTC_d1eee.dir/CMakeCCompilerABI.c.o -version -o /tmp/ccOVEsDo.s
GNU C17 (conda-forge gcc 9.5.0-19) version 9.5.0 (x86_64-conda-linux-gnu)
	compiled by GNU C version 9.5.0, GMP version 6.1.0, MPFR version 3.1.4, MPC version 1.0.3, isl version isl-0.18-GMP

GGC heuristics: --param ggc-min-expand=100 --param ggc-min-heapsize=131072
ignoring nonexistent directory "/home/amir/anaconda3/envs/scand/bin/../lib/gcc/x86_64-conda-linux-gnu/9.5.0/../../../../x86_64-conda-linux-gnu/include"
ignoring duplicate directory "/home/amir/anaconda3/envs/scand/bin/../lib/gcc/../../lib/gcc/x86_64-conda-linux-gnu/9.5.0/include"
ignoring nonexistent directory "/home/amir/anaconda3/envs/scand/bin/../x86_64-conda-linux-gnu/sysroot/usr/local/include"
ignoring duplicate directory "/home/amir/anaconda3/envs/scand/bin/../lib/gcc/../../lib/gcc/x86_64-conda-linux-gnu/9.5.0/include-fixed"
ignoring nonexistent directory "/home/amir/anaconda3/envs/scand/bin/../lib/gcc/../../lib/gcc/x86_64-conda-linux-gnu/9.5.0/../../../../x86_64-conda-linux-gnu/include"
#include "..." search starts here:
#include <...> search starts here:
 /home/amir/anaconda3/envs/scand/bin/../lib/gcc/x86_64-conda-linux-gnu/9.5.0/include
 /home/amir/anaconda3/envs/scand/bin/../lib/gcc/x86_64-conda-linux-gnu/9.5.0/include-fixed
 /home/amir/anaconda3/envs/scand/bin/../x86_64-conda-linux-gnu/sysroot/usr/include
End of search list.
GNU C17 (conda-forge gcc 9.5.0-19) version 9.5.0 (x86_64-conda-linux-gnu)
	compiled by GNU C version 9.5.0, GMP version 6.1.0, MPFR version 3.1.4, MPC version 1.0.3, isl version isl-0.18-GMP

GGC heuristics: --param ggc-min-expand=100 --param ggc-min-heapsize=131072
Compiler executable checksum: f3841d1727e0e47383c04411bac84d76
COLLECT_GCC_OPTIONS='-v' '-o' 'CMakeFiles/cmTC_d1eee.dir/CMakeCCompilerABI.c.o' '-c' '-mtune=generic' '-march=x86-64'
 /home/amir/anaconda3/envs/scand/bin/../lib/gcc/x86_64-conda-linux-gnu/9.5.0/../../../../x86_64-conda-linux-gnu/bin/as -v --64 -o CMakeFiles/cmTC_d1eee.dir/CMakeCCompilerABI.c.o /tmp/ccOVEsDo.s
GNU assembler version 2.40 (x86_64-conda-linux-gnu) using BFD version (GNU Binutils) 2.40
COMPILER_PATH=/home/amir/anaconda3/envs/scand/bin/../libexec/gcc/x86_64-conda-linux-gnu/9.5.0/:/home/amir/anaconda3/envs/scand/bin/../libexec/gcc/:/home/amir/anaconda3/envs/scand/bin/../lib/gcc/x86_64-conda-linux-gnu/9.5.0/../../../../x86_64-conda-linux-gnu/bin/
LIBRARY_PATH=/home/amir/anaconda3/envs/scand/bin/../lib/gcc/x86_64-conda-linux-gnu/9.5.0/:/home/amir/anaconda3/envs/scand/bin/../lib/gcc/:/home/amir/anaconda3/envs/scand/bin/../lib/gcc/x86_64-conda-linux-gnu/9.5.0/../../../../x86_64-conda-linux-gnu/lib/../lib/:/home/amir/anaconda3/envs/scand/bin/../lib/gcc/x86_64-conda-linux-gnu/9.5.0/../../../../lib/:/home/amir/anaconda3/envs/scand/bin/../x86_64-conda-linux-gnu/sysroot/lib/../lib/:/home/amir/anaconda3/envs/scand/bin/../x86_64-conda-linux-gnu/sysroot/usr/lib/../lib/:/home/amir/anaconda3/envs/scand/bin/../lib/gcc/x86_64-conda-linux-gnu/9.5.0/../../../../x86_64-conda-linux-gnu/lib/:/home/amir/anaconda3/envs/scand/bin/../lib/gcc/x86_64-conda-linux-gnu/9.5.0/../../../:/home/amir/anaconda3/envs/scand/bin/../x86_64-conda-linux-gnu/sysroot/lib/:/home/amir/anaconda3/envs/scand/bin/../x86_64-conda-linux-gnu/sysroot/usr/lib/
COLLECT_GCC_OPTIONS='-v' '-o' 'CMakeFiles/cmTC_d1eee.dir/CMakeCCompilerABI.c.o' '-c' '-mtune=generic' '-march=x86-64'
Linking C executable cmTC_d1eee
/usr/bin/cmake -E cmake_link_script CMakeFiles/cmTC_d1eee.dir/link.txt --verbose=1
/home/amir/anaconda3/envs/scand/bin/cc     -v -rdynamic CMakeFiles/cmTC_d1eee.dir/CMakeCCompilerABI.c.o  -o cmTC_d1eee 
Reading specs from /home/amir/anaconda3/envs/scand/bin/../lib/gcc/x86_64-conda-linux-gnu/9.5.0/specs
could not find specs file conda.specs
COLLECT_GCC=/home/amir/anaconda3/envs/scand/bin/cc
COLLECT_LTO_WRAPPER=/home/amir/anaconda3/envs/scand/bin/../libexec/gcc/x86_64-conda-linux-gnu/9.5.0/lto-wrapper
Target: x86_64-conda-linux-gnu
Configured with: ../configure --prefix=/home/conda/feedstock_root/build_artifacts/gcc_compilers_1666516802267/_h_env_placehold_placehold_placehold_placehold_placehold_placehold_placehold_placehold_placehold_placehold_placehold_placehold_placehold_placehold_placehold_placehold_placehold_placeho --with-slibdir=/home/conda/feedstock_root/build_artifacts/gcc_compilers_1666516802267/_h_env_placehold_placehold_placehold_placehold_placehold_placehold_placehold_placehold_placehold_placehold_placehold_placehold_placehold_placehold_placehold_placehold_placehold_placeho/lib --libdir=/home/conda/feedstock_root/build_artifacts/gcc_compilers_1666516802267/_h_env_placehold_placehold_placehold_placehold_placehold_placehold_placehold_placehold_placehold_placehold_placehold_placehold_placehold_placehold_placehold_placehold_placehold_placeho/lib --mandir=/home/conda/feedstock_root/build_artifacts/gcc_compilers_1666516802267/_h_env_placehold_placehold_placehold_placehold_placehold_placehold_placehold_placehold_placehold_placehold_placehold_placehold_placehold_placehold_placehold_placehold_placehold_placeho/man --build=x86_64-conda-linux-gnu --host=x86_64-conda-linux-gnu --target=x86_64-conda-linux-gnu --enable-default-pie --enable-languages=c,c++,fortran,objc,obj-c++ --enable-__cxa_atexit --disable-libmudflap --enable-libgomp --disable-libssp --enable-libquadmath --enable-libquadmath-support --enable-libsanitizer --enable-lto --enable-threads=posix --enable-target-optspace --enable-plugin --enable-gold --disable-nls --disable-bootstrap --disable-multilib --enable-long-long --with-sysroot=/home/conda/feedstock_root/build_artifacts/gcc_compilers_1666516802267/_h_env_placehold_placehold_placehold_placehold_placehold_placehold_placehold_placehold_placehold_placehold_placehold_placehold_placehold_placehold_placehold_placehold_placehold_placeho/x86_64-conda-linux-gnu/sysroot --with-build-sysroot=/home/conda/feedstock_root/build_artifacts/gcc_compilers_1666516802267/_build_env/x86_64-conda-linux-gnu/sysroot --with-gxx-include-dir=/home/conda/feedstock_root/build_artifacts/gcc_compilers_1666516802267/_h_env_placehold_placehold_placehold_placehold_placehold_placehold_placehold_placehold_placehold_placehold_placehold_placehold_placehold_placehold_placehold_placehold_placehold_placeho/x86_64-conda-linux-gnu/include/c++/9.5.0 --with-pkgversion='conda-forge gcc 9.5.0-19' --with-bugurl=https://github.com/conda-forge/ctng-compilers-feedstock/issues/new/choose
Thread model: posix
gcc version 9.5.0 (conda-forge gcc 9.5.0-19) 
COMPILER_PATH=/home/amir/anaconda3/envs/scand/bin/../libexec/gcc/x86_64-conda-linux-gnu/9.5.0/:/home/amir/anaconda3/envs/scand/bin/../libexec/gcc/:/home/amir/anaconda3/envs/scand/bin/../lib/gcc/x86_64-conda-linux-gnu/9.5.0/../../../../x86_64-conda-linux-gnu/bin/
LIBRARY_PATH=/home/amir/anaconda3/envs/scand/bin/../lib/gcc/x86_64-conda-linux-gnu/9.5.0/:/home/amir/anaconda3/envs/scand/bin/../lib/gcc/:/home/amir/anaconda3/envs/scand/bin/../lib/gcc/x86_64-conda-linux-gnu/9.5.0/../../../../x86_64-conda-linux-gnu/lib/../lib/:/home/amir/anaconda3/envs/scand/bin/../lib/gcc/x86_64-conda-linux-gnu/9.5.0/../../../../lib/:/home/amir/anaconda3/envs/scand/bin/../x86_64-conda-linux-gnu/sysroot/lib/../lib/:/home/amir/anaconda3/envs/scand/bin/../x86_64-conda-linux-gnu/sysroot/usr/lib/../lib/:/home/amir/anaconda3/envs/scand/bin/../lib/gcc/x86_64-conda-linux-gnu/9.5.0/../../../../x86_64-conda-linux-gnu/lib/:/home/amir/anaconda3/envs/scand/bin/../lib/gcc/x86_64-conda-linux-gnu/9.5.0/../../../:/home/amir/anaconda3/envs/scand/bin/../x86_64-conda-linux-gnu/sysroot/lib/:/home/amir/anaconda3/envs/scand/bin/../x86_64-conda-linux-gnu/sysroot/usr/lib/
COLLECT_GCC_OPTIONS='-v' '-rdynamic' '-o' 'cmTC_d1eee' '-mtune=generic' '-march=x86-64'
 /home/amir/anaconda3/envs/scand/bin/../libexec/gcc/x86_64-conda-linux-gnu/9.5.0/collect2 -plugin /home/amir/anaconda3/envs/scand/bin/../libexec/gcc/x86_64-conda-linux-gnu/9.5.0/liblto_plugin.so -plugin-opt=/home/amir/anaconda3/envs/scand/bin/../libexec/gcc/x86_64-conda-linux-gnu/9.5.0/lto-wrapper -plugin-opt=-fresolution=/tmp/ccK13dsQ.res -plugin-opt=-pass-through=-lgcc -plugin-opt=-pass-through=-lgcc_s -plugin-opt=-pass-through=-lc -plugin-opt=-pass-through=-lgcc -plugin-opt=-pass-through=-lgcc_s --sysroot=/home/amir/anaconda3/envs/scand/bin/../x86_64-conda-linux-gnu/sysroot --eh-frame-hdr -m elf_x86_64 -export-dynamic -dynamic-linker /lib64/ld-linux-x86-64.so.2 -pie -o cmTC_d1eee /home/amir/anaconda3/envs/scand/bin/../x86_64-conda-linux-gnu/sysroot/usr/lib/../lib/Scrt1.o /home/amir/anaconda3/envs/scand/bin/../x86_64-conda-linux-gnu/sysroot/usr/lib/../lib/crti.o /home/amir/anaconda3/envs/scand/bin/../lib/gcc/x86_64-conda-linux-gnu/9.5.0/crtbeginS.o -L/home/amir/anaconda3/envs/scand/bin/../lib/gcc/x86_64-conda-linux-gnu/9.5.0 -L/home/amir/anaconda3/envs/scand/bin/../lib/gcc -L/home/amir/anaconda3/envs/scand/bin/../lib/gcc/x86_64-conda-linux-gnu/9.5.0/../../../../x86_64-conda-linux-gnu/lib/../lib -L/home/amir/anaconda3/envs/scand/bin/../lib/gcc/x86_64-conda-linux-gnu/9.5.0/../../../../lib -L/home/amir/anaconda3/envs/scand/bin/../x86_64-conda-linux-gnu/sysroot/lib/../lib -L/home/amir/anaconda3/envs/scand/bin/../x86_64-conda-linux-gnu/sysroot/usr/lib/../lib -L/home/amir/anaconda3/envs/scand/bin/../lib/gcc/x86_64-conda-linux-gnu/9.5.0/../../../../x86_64-conda-linux-gnu/lib -L/home/amir/anaconda3/envs/scand/bin/../lib/gcc/x86_64-conda-linux-gnu/9.5.0/../../.. -L/home/amir/anaconda3/envs/scand/bin/../x86_64-conda-linux-gnu/sysroot/lib -L/home/amir/anaconda3/envs/scand/bin/../x86_64-conda-linux-gnu/sysroot/usr/lib CMakeFiles/cmTC_d1eee.dir/CMakeCCompilerABI.c.o -lgcc --push-state --as-needed -lgcc_s --pop-state -lc -lgcc --push-state --as-needed -lgcc_s --pop-state /home/amir/anaconda3/envs/scand/bin/../lib/gcc/x86_64-conda-linux-gnu/9.5.0/crtendS.o /home/amir/anaconda3/envs/scand/bin/../x86_64-conda-linux-gnu/sysroot/usr/lib/../lib/crtn.o -rpath /home/amir/anaconda3/envs/scand/lib
COLLECT_GCC_OPTIONS='-v' '-rdynamic' '-o' 'cmTC_d1eee' '-mtune=generic' '-march=x86-64'
make[1]: Leaving directory '/home/amir/Desktop/BC-SCAND/scandparser/build/CMakeFiles/CMakeTmp'



Parsed C implicit include dir info from above output: rv=done
  found start of include info
  found start of implicit include info
    add: [/home/amir/anaconda3/envs/scand/bin/../lib/gcc/x86_64-conda-linux-gnu/9.5.0/include]
    add: [/home/amir/anaconda3/envs/scand/bin/../lib/gcc/x86_64-conda-linux-gnu/9.5.0/include-fixed]
    add: [/home/amir/anaconda3/envs/scand/bin/../x86_64-conda-linux-gnu/sysroot/usr/include]
  end of search list found
  collapse include dir [/home/amir/anaconda3/envs/scand/bin/../lib/gcc/x86_64-conda-linux-gnu/9.5.0/include] ==> [/home/amir/anaconda3/envs/scand/lib/gcc/x86_64-conda-linux-gnu/9.5.0/include]
  collapse include dir [/home/amir/anaconda3/envs/scand/bin/../lib/gcc/x86_64-conda-linux-gnu/9.5.0/include-fixed] ==> [/home/amir/anaconda3/envs/scand/lib/gcc/x86_64-conda-linux-gnu/9.5.0/include-fixed]
  collapse include dir [/home/amir/anaconda3/envs/scand/bin/../x86_64-conda-linux-gnu/sysroot/usr/include] ==> [/home/amir/anaconda3/envs/scand/x86_64-conda-linux-gnu/sysroot/usr/include]
  implicit include dirs: [/home/amir/anaconda3/envs/scand/lib/gcc/x86_64-conda-linux-gnu/9.5.0/include;/home/amir/anaconda3/envs/scand/lib/gcc/x86_64-conda-linux-gnu/9.5.0/include-fixed;/home/amir/anaconda3/envs/scand/x86_64-conda-linux-gnu/sysroot/usr/include]


Parsed C implicit link information from above output:
  link line regex: [^( *|.*[/\])(ld|CMAKE_LINK_STARTFILE-NOTFOUND|([^/\]+-)?ld|collect2)[^/\]*( |$)]
  ignore line: [Change Dir: /home/amir/Desktop/BC-SCAND/scandparser/build/CMakeFiles/CMakeTmp]
  ignore line: []
  ignore line: [Run Build Command(s):/usr/bin/make cmTC_d1eee/fast && /usr/bin/make -f CMakeFiles/cmTC_d1eee.dir/build.make CMakeFiles/cmTC_d1eee.dir/build]
  ignore line: [make[1]: Entering directory '/home/amir/Desktop/BC-SCAND/scandparser/build/CMakeFiles/CMakeTmp']
  ignore line: [Building C object CMakeFiles/cmTC_d1eee.dir/CMakeCCompilerABI.c.o]
  ignore line: [/home/amir/anaconda3/envs/scand/bin/cc   -v -o CMakeFiles/cmTC_d1eee.dir/CMakeCCompilerABI.c.o   -c /usr/share/cmake-3.16/Modules/CMakeCCompilerABI.c]
  ignore line: [Reading specs from /home/amir/anaconda3/envs/scand/bin/../lib/gcc/x86_64-conda-linux-gnu/9.5.0/specs]
  ignore line: [could not find specs file conda.specs]
  ignore line: [COLLECT_GCC=/home/amir/anaconda3/envs/scand/bin/cc]
  ignore line: [Target: x86_64-conda-linux-gnu]
  ignore line: [Configured with: ../configure --prefix=/home/conda/feedstock_root/build_artifacts/gcc_compilers_1666516802267/_h_env_placehold_placehold_placehold_placehold_placehold_placehold_placehold_placehold_placehold_placehold_placehold_placehold_placehold_placehold_placehold_placehold_placehold_placeho --with-slibdir=/home/conda/feedstock_root/build_artifacts/gcc_compilers_1666516802267/_h_env_placehold_placehold_placehold_placehold_placehold_placehold_placehold_placehold_placehold_placehold_placehold_placehold_placehold_placehold_placehold_placehold_placehold_placeho/lib --libdir=/home/conda/feedstock_root/build_artifacts/gcc_compilers_1666516802267/_h_env_placehold_placehold_placehold_placehold_placehold_placehold_placehold_placehold_placehold_placehold_placehold_placehold_placehold_placehold_placehold_placehold_placehold_placeho/lib --mandir=/home/conda/feedstock_root/build_artifacts/gcc_compilers_1666516802267/_h_env_placehold_placehold_placehold_placehold_placehold_placehold_placehold_placehold_placehold_placehold_placehold_placehold_placehold_placehold_placehold_placehold_placehold_placeho/man --build=x86_64-conda-linux-gnu --host=x86_64-conda-linux-gnu --target=x86_64-conda-linux-gnu --enable-default-pie --enable-languages=c c++ fortran objc obj-c++ --enable-__cxa_atexit --disable-libmudflap --enable-libgomp --disable-libssp --enable-libquadmath --enable-libquadmath-support --enable-libsanitizer --enable-lto --enable-threads=posix --enable-target-optspace --enable-plugin --enable-gold --disable-nls --disable-bootstrap --disable-multilib --enable-long-long --with-sysroot=/home/conda/feedstock_root/build_artifacts/gcc_compilers_1666516802267/_h_env_placehold_placehold_placehold_placehold_placehold_placehold_placehold_placehold_placehold_placehold_placehold_placehold_placehold_placehold_placehold_placehold_placehold_placeho/x86_64-conda-linux-gnu/sysroot --with-build-sysroot=/home/conda/feedstock_root/build_artifacts/gcc_compilers_1666516802267/_build_env/x86_64-conda-linux-gnu/sysroot --with-gxx-include-dir=/home/conda/feedstock_root/build_artifacts/gcc_compilers_1666516802267/_h_env_placehold_placehold_placehold_placehold_placehold_placehold_placehold_placehold_placehold_placehold_placehold_placehold_placehold_placehold_placehold_placehold_placehold_placeho/x86_64-conda-linux-gnu/include/c++/9.5.0 --with-pkgversion='conda-forge gcc 9.5.0-19' --with-bugurl=https://github.com/conda-forge/ctng-compilers-feedstock/issues/new/choose]
  ignore line: [Thread model: posix]
  ignore line: [gcc version 9.5.0 (conda-forge gcc 9.5.0-19) ]
  ignore line: [COLLECT_GCC_OPTIONS='-v' '-o' 'CMakeFiles/cmTC_d1eee.dir/CMakeCCompilerABI.c.o' '-c' '-mtune=generic' '-march=x86-64']
  ignore line: [ /home/amir/anaconda3/envs/scand/bin/../libexec/gcc/x86_64-conda-linux-gnu/9.5.0/cc1 -quiet -v -iprefix /home/amir/anaconda3/envs/scand/bin/../lib/gcc/x86_64-conda-linux-gnu/9.5.0/ -isysroot /home/amir/anaconda3/envs/scand/bin/../x86_64-conda-linux-gnu/sysroot /usr/share/cmake-3.16/Modules/CMakeCCompilerABI.c -quiet -dumpbase CMakeCCompilerABI.c -mtune=generic -march=x86-64 -auxbase-strip CMakeFiles/cmTC_d1eee.dir/CMakeCCompilerABI.c.o -version -o /tmp/ccOVEsDo.s]
  ignore line: [GNU C17 (conda-forge gcc 9.5.0-19) version 9.5.0 (x86_64-conda-linux-gnu)]
  ignore line: [	compiled by GNU C version 9.5.0  GMP version 6.1.0  MPFR version 3.1.4  MPC version 1.0.3  isl version isl-0.18-GMP]
  ignore line: []
  ignore line: [GGC heuristics: --param ggc-min-expand=100 --param ggc-min-heapsize=131072]
  ignore line: [ignoring nonexistent directory "/home/amir/anaconda3/envs/scand/bin/../lib/gcc/x86_64-conda-linux-gnu/9.5.0/../../../../x86_64-conda-linux-gnu/include"]
  ignore line: [ignoring duplicate directory "/home/amir/anaconda3/envs/scand/bin/../lib/gcc/../../lib/gcc/x86_64-conda-linux-gnu/9.5.0/include"]
  ignore line: [ignoring nonexistent directory "/home/amir/anaconda3/envs/scand/bin/../x86_64-conda-linux-gnu/sysroot/usr/local/include"]
  ignore line: [ignoring duplicate directory "/home/amir/anaconda3/envs/scand/bin/../lib/gcc/../../lib/gcc/x86_64-conda-linux-gnu/9.5.0/include-fixed"]
  ignore line: [ignoring nonexistent directory "/home/amir/anaconda3/envs/scand/bin/../lib/gcc/../../lib/gcc/x86_64-conda-linux-gnu/9.5.0/../../../../x86_64-conda-linux-gnu/include"]
  ignore line: [#include "..." search starts here:]
  ignore line: [#include <...> search starts here:]
  ignore line: [ /home/amir/anaconda3/envs/scand/bin/../lib/gcc/x86_64-conda-linux-gnu/9.5.0/include]
  ignore line: [ /home/amir/anaconda3/envs/scand/bin/../lib/gcc/x86_64-conda-linux-gnu/9.5.0/include-fixed]
  ignore line: [ /home/amir/anaconda3/envs/scand/bin/../x86_64-conda-linux-gnu/sysroot/usr/include]
  ignore line: [End of search list.]
  ignore line: [GNU C17 (conda-forge gcc 9.5.0-19) version 9.5.0 (x86_64-conda-linux-gnu)]
  ignore line: [	compiled by GNU C version 9.5.0  GMP version 6.1.0  MPFR version 3.1.4  MPC version 1.0.3  isl version isl-0.18-GMP]
  ignore line: []
  ignore line: [GGC heuristics: --param ggc-min-expand=100 --param ggc-min-heapsize=131072]
  ignore line: [Compiler executable checksum: f3841d1727e0e47383c04411bac84d76]
  ignore line: [COLLECT_GCC_OPTIONS='-v' '-o' 'CMakeFiles/cmTC_d1eee.dir/CMakeCCompilerABI.c.o' '-c' '-mtune=generic' '-march=x86-64']
  ignore line: [ /home/amir/anaconda3/envs/scand/bin/../lib/gcc/x86_64-conda-linux-gnu/9.5.0/../../../../x86_64-conda-linux-gnu/bin/as -v --64 -o CMakeFiles/cmTC_d1eee.dir/CMakeCCompilerABI.c.o /tmp/ccOVEsDo.s]
  ignore line: [GNU assembler version 2.40 (x86_64-conda-linux-gnu) using BFD version (GNU Binutils) 2.40]
  ignore line: [COMPILER_PATH=/home/amir/anaconda3/envs/scand/bin/../libexec/gcc/x86_64-conda-linux-gnu/9.5.0/:/home/amir/anaconda3/envs/scand/bin/../libexec/gcc/:/home/amir/anaconda3/envs/scand/bin/../lib/gcc/x86_64-conda-linux-gnu/9.5.0/../../../../x86_64-conda-linux-gnu/bin/]
  ignore line: [LIBRARY_PATH=/home/amir/anaconda3/envs/scand/bin/../lib/gcc/x86_64-conda-linux-gnu/9.5.0/:/home/amir/anaconda3/envs/scand/bin/../lib/gcc/:/home/amir/anaconda3/envs/scand/bin/../lib/gcc/x86_64-conda-linux-gnu/9.5.0/../../../../x86_64-conda-linux-gnu/lib/../lib/:/home/amir/anaconda3/envs/scand/bin/../lib/gcc/x86_64-conda-linux-gnu/9.5.0/../../../../lib/:/home/amir/anaconda3/envs/scand/bin/../x86_64-conda-linux-gnu/sysroot/lib/../lib/:/home/amir/anaconda3/envs/scand/bin/../x86_64-conda-linux-gnu/sysroot/usr/lib/../lib/:/home/amir/anaconda3/envs/scand/bin/../lib/gcc/x86_64-conda-linux-gnu/9.5.0/../../../../x86_64-conda-linux-gnu/lib/:/home/amir/anaconda3/envs/scand/bin/../lib/gcc/x86_64-conda-linux-gnu/9.5.0/../../../:/home/amir/anaconda3/envs/scand/bin/../x86_64-conda-linux-gnu/sysroot/lib/:/home/amir/anaconda3/envs/scand/bin/../x86_64-conda-linux-gnu/sysroot/usr/lib/]
  ignore line: [COLLECT_GCC_OPTIONS='-v' '-o' 'CMakeFiles/cmTC_d1eee.dir/CMakeCCompilerABI.c.o' '-c' '-mtune=generic' '-march=x86-64']
  ignore line: [Linking C executable cmTC_d1eee]
  ignore line: [/usr/bin/cmake -E cmake_link_script CMakeFiles/cmTC_d1eee.dir/link.txt --verbose=1]
  ignore line: [/home/amir/anaconda3/envs/scand/bin/cc     -v -rdynamic CMakeFiles/cmTC_d1eee.dir/CMakeCCompilerABI.c.o  -o cmTC_d1eee ]
  ignore line: [Reading specs from /home/amir/anaconda3/envs/scand/bin/../lib/gcc/x86_64-conda-linux-gnu/9.5.0/specs]
  ignore line: [could not find specs file conda.specs]
  ignore line: [COLLECT_GCC=/home/amir/anaconda3/envs/scand/bin/cc]
  ignore line: [COLLECT_LTO_WRAPPER=/home/amir/anaconda3/envs/scand/bin/../libexec/gcc/x86_64-conda-linux-gnu/9.5.0/lto-wrapper]
  ignore line: [Target: x86_64-conda-linux-gnu]
  ignore line: [Configured with: ../configure --prefix=/home/conda/feedstock_root/build_artifacts/gcc_compilers_1666516802267/_h_env_placehold_placehold_placehold_placehold_placehold_placehold_placehold_placehold_placehold_placehold_placehold_placehold_placehold_placehold_placehold_placehold_placehold_placeho --with-slibdir=/home/conda/feedstock_root/build_artifacts/gcc_compilers_1666516802267/_h_env_placehold_placehold_placehold_placehold_placehold_placehold_placehold_placehold_placehold_placehold_placehold_placehold_placehold_placehold_placehold_placehold_placehold_placeho/lib --libdir=/home/conda/feedstock_root/build_artifacts/gcc_compilers_1666516802267/_h_env_placehold_placehold_placehold_placehold_placehold_placehold_placehold_placehold_placehold_placehold_placehold_placehold_placehold_placehold_placehold_placehold_placehold_placeho/lib --mandir=/home/conda/feedstock_root/build_artifacts/gcc_compilers_1666516802267/_h_env_placehold_placehold_placehold_placehold_placehold_placehold_placehold_placehold_placehold_placehold_placehold_placehold_placehold_placehold_placehold_placehold_placehold_placeho/man --build=x86_64-conda-linux-gnu --host=x86_64-conda-linux-gnu --target=x86_64-conda-linux-gnu --enable-default-pie --enable-languages=c c++ fortran objc obj-c++ --enable-__cxa_atexit --disable-libmudflap --enable-libgomp --disable-libssp --enable-libquadmath --enable-libquadmath-support --enable-libsanitizer --enable-lto --enable-threads=posix --enable-target-optspace --enable-plugin --enable-gold --disable-nls --disable-bootstrap --disable-multilib --enable-long-long --with-sysroot=/home/conda/feedstock_root/build_artifacts/gcc_compilers_1666516802267/_h_env_placehold_placehold_placehold_placehold_placehold_placehold_placehold_placehold_placehold_placehold_placehold_placehold_placehold_placehold_placehold_placehold_placehold_placeho/x86_64-conda-linux-gnu/sysroot --with-build-sysroot=/home/conda/feedstock_root/build_artifacts/gcc_compilers_1666516802267/_build_env/x86_64-conda-linux-gnu/sysroot --with-gxx-include-dir=/home/conda/feedstock_root/build_artifacts/gcc_compilers_1666516802267/_h_env_placehold_placehold_placehold_placehold_placehold_placehold_placehold_placehold_placehold_placehold_placehold_placehold_placehold_placehold_placehold_placehold_placehold_placeho/x86_64-conda-linux-gnu/include/c++/9.5.0 --with-pkgversion='conda-forge gcc 9.5.0-19' --with-bugurl=https://github.com/conda-forge/ctng-compilers-feedstock/issues/new/choose]
  ignore line: [Thread model: posix]
  ignore line: [gcc version 9.5.0 (conda-forge gcc 9.5.0-19) ]
  ignore line: [COMPILER_PATH=/home/amir/anaconda3/envs/scand/bin/../libexec/gcc/x86_64-conda-linux-gnu/9.5.0/:/home/amir/anaconda3/envs/scand/bin/../libexec/gcc/:/home/amir/anaconda3/envs/scand/bin/../lib/gcc/x86_64-conda-linux-gnu/9.5.0/../../../../x86_64-conda-linux-gnu/bin/]
  ignore line: [LIBRARY_PATH=/home/amir/anaconda3/envs/scand/bin/../lib/gcc/x86_64-conda-linux-gnu/9.5.0/:/home/amir/anaconda3/envs/scand/bin/../lib/gcc/:/home/amir/anaconda3/envs/scand/bin/../lib/gcc/x86_64-conda-linux-gnu/9.5.0/../../../../x86_64-conda-linux-gnu/lib/../lib/:/home/amir/anaconda3/envs/scand/bin/../lib/gcc/x86_64-conda-linux-gnu/9.5.0/../../../../lib/:/home/amir/anaconda3/envs/scand/bin/../x86_64-conda-linux-gnu/sysroot/lib/../lib/:/home/amir/anaconda3/envs/scand/bin/../x86_64-conda-linux-gnu/sysroot/usr/lib/../lib/:/home/amir/anaconda3/envs/scand/bin/../lib/gcc/x86_64-conda-linux-gnu/9.5.0/../../../../x86_64-conda-linux-gnu/lib/:/home/amir/anaconda3/envs/scand/bin/../lib/gcc/x86_64-conda-linux-gnu/9.5.0/../../../:/home/amir/anaconda3/envs/scand/bin/../x86_64-conda-linux-gnu/sysroot/lib/:/home/amir/anaconda3/envs/scand/bin/../x86_64-conda-linux-gnu/sysroot/usr/lib/]
  ignore line: [COLLECT_GCC_OPTIONS='-v' '-rdynamic' '-o' 'cmTC_d1eee' '-mtune=generic' '-march=x86-64']
  link line: [ /home/amir/anaconda3/envs/scand/bin/../libexec/gcc/x86_64-conda-linux-gnu/9.5.0/collect2 -plugin /home/amir/anaconda3/envs/scand/bin/../libexec/gcc/x86_64-conda-linux-gnu/9.5.0/liblto_plugin.so -plugin-opt=/home/amir/anaconda3/envs/scand/bin/../libexec/gcc/x86_64-conda-linux-gnu/9.5.0/lto-wrapper -plugin-opt=-fresolution=/tmp/ccK13dsQ.res -plugin-opt=-pass-through=-lgcc -plugin-opt=-pass-through=-lgcc_s -plugin-opt=-pass-through=-lc -plugin-opt=-pass-through=-lgcc -plugin-opt=-pass-through=-lgcc_s --sysroot=/home/amir/anaconda3/envs/scand/bin/../x86_64-conda-linux-gnu/sysroot --eh-frame-hdr -m elf_x86_64 -export-dynamic -dynamic-linker /lib64/ld-linux-x86-64.so.2 -pie -o cmTC_d1eee /home/amir/anaconda3/envs/scand/bin/../x86_64-conda-linux-gnu/sysroot/usr/lib/../lib/Scrt1.o /home/amir/anaconda3/envs/scand/bin/../x86_64-conda-linux-gnu/sysroot/usr/lib/../lib/crti.o /home/amir/anaconda3/envs/scand/bin/../lib/gcc/x86_64-conda-linux-gnu/9.5.0/crtbeginS.o -L/home/amir/anaconda3/envs/scand/bin/../lib/gcc/x86_64-conda-linux-gnu/9.5.0 -L/home/amir/anaconda3/envs/scand/bin/../lib/gcc -L/home/amir/anaconda3/envs/scand/bin/../lib/gcc/x86_64-conda-linux-gnu/9.5.0/../../../../x86_64-conda-linux-gnu/lib/../lib -L/home/amir/anaconda3/envs/scand/bin/../lib/gcc/x86_64-conda-linux-gnu/9.5.0/../../../../lib -L/home/amir/anaconda3/envs/scand/bin/../x86_64-conda-linux-gnu/sysroot/lib/../lib -L/home/amir/anaconda3/envs/scand/bin/../x86_64-conda-linux-gnu/sysroot/usr/lib/../lib -L/home/amir/anaconda3/envs/scand/bin/../lib/gcc/x86_64-conda-linux-gnu/9.5.0/../../../../x86_64-conda-linux-gnu/lib -L/home/amir/anaconda3/envs/scand/bin/../lib/gcc/x86_64-conda-linux-gnu/9.5.0/../../.. -L/home/amir/anaconda3/envs/scand/bin/../x86_64-conda-linux-gnu/sysroot/lib -L/home/amir/anaconda3/envs/scand/bin/../x86_64-conda-linux-gnu/sysroot/usr/lib CMakeFiles/cmTC_d1eee.dir/CMakeCCompilerABI.c.o -lgcc --push-state --as-needed -lgcc_s --pop-state -lc -lgcc --push-state --as-needed -lgcc_s --pop-state /home/amir/anaconda3/envs/scand/bin/../lib/gcc/x86_64-conda-linux-gnu/9.5.0/crtendS.o /home/amir/anaconda3/envs/scand/bin/../x86_64-conda-linux-gnu/sysroot/usr/lib/../lib/crtn.o -rpath /home/amir/anaconda3/envs/scand/lib]
    arg [/home/amir/anaconda3/envs/scand/bin/../libexec/gcc/x86_64-conda-linux-gnu/9.5.0/collect2] ==> ignore
    arg [-plugin] ==> ignore
    arg [/home/amir/anaconda3/envs/scand/bin/../libexec/gcc/x86_64-conda-linux-gnu/9.5.0/liblto_plugin.so] ==> ignore
    arg [-plugin-opt=/home/amir/anaconda3/envs/scand/bin/../libexec/gcc/x86_64-conda-linux-gnu/9.5.0/lto-wrapper] ==> ignore
    arg [-plugin-opt=-fresolution=/tmp/ccK13dsQ.res] ==> ignore
    arg [-plugin-opt=-pass-through=-lgcc] ==> ignore
    arg [-plugin-opt=-pass-through=-lgcc_s] ==> ignore
    arg [-plugin-opt=-pass-through=-lc] ==> ignore
    arg [-plugin-opt=-pass-through=-lgcc] ==> ignore
    arg [-plugin-opt=-pass-through=-lgcc_s] ==> ignore
    arg [--sysroot=/home/amir/anaconda3/envs/scand/bin/../x86_64-conda-linux-gnu/sysroot] ==> ignore
    arg [--eh-frame-hdr] ==> ignore
    arg [-m] ==> ignore
    arg [elf_x86_64] ==> ignore
    arg [-export-dynamic] ==> ignore
    arg [-dynamic-linker] ==> ignore
    arg [/lib64/ld-linux-x86-64.so.2] ==> ignore
    arg [-pie] ==> ignore
    arg [-o] ==> ignore
    arg [cmTC_d1eee] ==> ignore
    arg [/home/amir/anaconda3/envs/scand/bin/../x86_64-conda-linux-gnu/sysroot/usr/lib/../lib/Scrt1.o] ==> ignore
    arg [/home/amir/anaconda3/envs/scand/bin/../x86_64-conda-linux-gnu/sysroot/usr/lib/../lib/crti.o] ==> ignore
    arg [/home/amir/anaconda3/envs/scand/bin/../lib/gcc/x86_64-conda-linux-gnu/9.5.0/crtbeginS.o] ==> ignore
    arg [-L/home/amir/anaconda3/envs/scand/bin/../lib/gcc/x86_64-conda-linux-gnu/9.5.0] ==> dir [/home/amir/anaconda3/envs/scand/bin/../lib/gcc/x86_64-conda-linux-gnu/9.5.0]
    arg [-L/home/amir/anaconda3/envs/scand/bin/../lib/gcc] ==> dir [/home/amir/anaconda3/envs/scand/bin/../lib/gcc]
    arg [-L/home/amir/anaconda3/envs/scand/bin/../lib/gcc/x86_64-conda-linux-gnu/9.5.0/../../../../x86_64-conda-linux-gnu/lib/../lib] ==> dir [/home/amir/anaconda3/envs/scand/bin/../lib/gcc/x86_64-conda-linux-gnu/9.5.0/../../../../x86_64-conda-linux-gnu/lib/../lib]
    arg [-L/home/amir/anaconda3/envs/scand/bin/../lib/gcc/x86_64-conda-linux-gnu/9.5.0/../../../../lib] ==> dir [/home/amir/anaconda3/envs/scand/bin/../lib/gcc/x86_64-conda-linux-gnu/9.5.0/../../../../lib]
    arg [-L/home/amir/anaconda3/envs/scand/bin/../x86_64-conda-linux-gnu/sysroot/lib/../lib] ==> dir [/home/amir/anaconda3/envs/scand/bin/../x86_64-conda-linux-gnu/sysroot/lib/../lib]
    arg [-L/home/amir/anaconda3/envs/scand/bin/../x86_64-conda-linux-gnu/sysroot/usr/lib/../lib] ==> dir [/home/amir/anaconda3/envs/scand/bin/../x86_64-conda-linux-gnu/sysroot/usr/lib/../lib]
    arg [-L/home/amir/anaconda3/envs/scand/bin/../lib/gcc/x86_64-conda-linux-gnu/9.5.0/../../../../x86_64-conda-linux-gnu/lib] ==> dir [/home/amir/anaconda3/envs/scand/bin/../lib/gcc/x86_64-conda-linux-gnu/9.5.0/../../../../x86_64-conda-linux-gnu/lib]
    arg [-L/home/amir/anaconda3/envs/scand/bin/../lib/gcc/x86_64-conda-linux-gnu/9.5.0/../../..] ==> dir [/home/amir/anaconda3/envs/scand/bin/../lib/gcc/x86_64-conda-linux-gnu/9.5.0/../../..]
    arg [-L/home/amir/anaconda3/envs/scand/bin/../x86_64-conda-linux-gnu/sysroot/lib] ==> dir [/home/amir/anaconda3/envs/scand/bin/../x86_64-conda-linux-gnu/sysroot/lib]
    arg [-L/home/amir/anaconda3/envs/scand/bin/../x86_64-conda-linux-gnu/sysroot/usr/lib] ==> dir [/home/amir/anaconda3/envs/scand/bin/../x86_64-conda-linux-gnu/sysroot/usr/lib]
    arg [CMakeFiles/cmTC_d1eee.dir/CMakeCCompilerABI.c.o] ==> ignore
    arg [-lgcc] ==> lib [gcc]
    arg [--push-state] ==> ignore
    arg [--as-needed] ==> ignore
    arg [-lgcc_s] ==> lib [gcc_s]
    arg [--pop-state] ==> ignore
    arg [-lc] ==> lib [c]
    arg [-lgcc] ==> lib [gcc]
    arg [--push-state] ==> ignore
    arg [--as-needed] ==> ignore
    arg [-lgcc_s] ==> lib [gcc_s]
    arg [--pop-state] ==> ignore
    arg [/home/amir/anaconda3/envs/scand/bin/../lib/gcc/x86_64-conda-linux-gnu/9.5.0/crtendS.o] ==> ignore
    arg [/home/amir/anaconda3/envs/scand/bin/../x86_64-conda-linux-gnu/sysroot/usr/lib/../lib/crtn.o] ==> ignore
    arg [-rpath] ==> ignore
    arg [/home/amir/anaconda3/envs/scand/lib] ==> ignore
  collapse library dir [/home/amir/anaconda3/envs/scand/bin/../lib/gcc/x86_64-conda-linux-gnu/9.5.0] ==> [/home/amir/anaconda3/envs/scand/lib/gcc/x86_64-conda-linux-gnu/9.5.0]
  collapse library dir [/home/amir/anaconda3/envs/scand/bin/../lib/gcc] ==> [/home/amir/anaconda3/envs/scand/lib/gcc]
  collapse library dir [/home/amir/anaconda3/envs/scand/bin/../lib/gcc/x86_64-conda-linux-gnu/9.5.0/../../../../x86_64-conda-linux-gnu/lib/../lib] ==> [/home/amir/anaconda3/envs/scand/x86_64-conda-linux-gnu/lib]
  collapse library dir [/home/amir/anaconda3/envs/scand/bin/../lib/gcc/x86_64-conda-linux-gnu/9.5.0/../../../../lib] ==> [/home/amir/anaconda3/envs/scand/lib]
  collapse library dir [/home/amir/anaconda3/envs/scand/bin/../x86_64-conda-linux-gnu/sysroot/lib/../lib] ==> [/home/amir/anaconda3/envs/scand/x86_64-conda-linux-gnu/sysroot/lib]
  collapse library dir [/home/amir/anaconda3/envs/scand/bin/../x86_64-conda-linux-gnu/sysroot/usr/lib/../lib] ==> [/home/amir/anaconda3/envs/scand/x86_64-conda-linux-gnu/sysroot/usr/lib]
  collapse library dir [/home/amir/anaconda3/envs/scand/bin/../lib/gcc/x86_64-conda-linux-gnu/9.5.0/../../../../x86_64-conda-linux-gnu/lib] ==> [/home/amir/anaconda3/envs/scand/x86_64-conda-linux-gnu/lib]
  collapse library dir [/home/amir/anaconda3/envs/scand/bin/../lib/gcc/x86_64-conda-linux-gnu/9.5.0/../../..] ==> [/home/amir/anaconda3/envs/scand/lib]
  collapse library dir [/home/amir/anaconda3/envs/scand/bin/../x86_64-conda-linux-gnu/sysroot/lib] ==> [/home/amir/anaconda3/envs/scand/x86_64-conda-linux-gnu/sysroot/lib]
  collapse library dir [/home/amir/anaconda3/envs/scand/bin/../x86_64-conda-linux-gnu/sysroot/usr/lib] ==> [/home/amir/anaconda3/envs/scand/x86_64-conda-linux-gnu/sysroot/usr/lib]
  implicit libs: [gcc;gcc_s;c;gcc;gcc_s]
  implicit dirs: [/home/amir/anaconda3/envs/scand/lib/gcc/x86_64-conda-linux-gnu/9.5.0;/home/amir/anaconda3/envs/scand/lib/gcc;/home/amir/anaconda3/envs/scand/x86_64-conda-linux-gnu/lib;/home/amir/anaconda3/envs/scand/lib;/home/amir/anaconda3/envs/scand/x86_64-conda-linux-gnu/sysroot/lib;/home/amir/anaconda3/envs/scand/x86_64-conda-linux-gnu/sysroot/usr/lib]
  implicit fwks: []


Determining if the CXX compiler works passed with the following output:
Change Dir: /home/amir/Desktop/BC-SCAND/scandparser/build/CMakeFiles/CMakeTmp

Run Build Command(s):/usr/bin/make cmTC_a524c/fast && /usr/bin/make -f CMakeFiles/cmTC_a524c.dir/build.make CMakeFiles/cmTC_a524c.dir/build
make[1]: Entering directory '/home/amir/Desktop/BC-SCAND/scandparser/build/CMakeFiles/CMakeTmp'
Building CXX object CMakeFiles/cmTC_a524c.dir/testCXXCompiler.cxx.o
/usr/bin/c++     -o CMakeFiles/cmTC_a524c.dir/testCXXCompiler.cxx.o -c /home/amir/Desktop/BC-SCAND/scandparser/build/CMakeFiles/CMakeTmp/testCXXCompiler.cxx
Linking CXX executable cmTC_a524c
/usr/bin/cmake -E cmake_link_script CMakeFiles/cmTC_a524c.dir/link.txt --verbose=1
/usr/bin/c++       -rdynamic CMakeFiles/cmTC_a524c.dir/testCXXCompiler.cxx.o  -o cmTC_a524c 
make[1]: Leaving directory '/home/amir/Desktop/BC-SCAND/scandparser/build/CMakeFiles/CMakeTmp'



Detecting CXX compiler ABI info compiled with the following output:
Change Dir: /home/amir/Desktop/BC-SCAND/scandparser/build/CMakeFiles/CMakeTmp

Run Build Command(s):/usr/bin/make cmTC_58fb2/fast && /usr/bin/make -f CMakeFiles/cmTC_58fb2.dir/build.make CMakeFiles/cmTC_58fb2.dir/build
make[1]: Entering directory '/home/amir/Desktop/BC-SCAND/scandparser/build/CMakeFiles/CMakeTmp'
Building CXX object CMakeFiles/cmTC_58fb2.dir/CMakeCXXCompilerABI.cpp.o
/usr/bin/c++    -v -o CMakeFiles/cmTC_58fb2.dir/CMakeCXXCompilerABI.cpp.o -c /usr/share/cmake-3.16/Modules/CMakeCXXCompilerABI.cpp
Using built-in specs.
COLLECT_GCC=/usr/bin/c++
OFFLOAD_TARGET_NAMES=nvptx-none:hsa
OFFLOAD_TARGET_DEFAULT=1
Target: x86_64-linux-gnu
Configured with: ../src/configure -v --with-pkgversion='Ubuntu 9.4.0-1ubuntu1~20.04.1' --with-bugurl=file:///usr/share/doc/gcc-9/README.Bugs --enable-languages=c,ada,c++,go,brig,d,fortran,objc,obj-c++,gm2 --prefix=/usr --with-gcc-major-version-only --program-suffix=-9 --program-prefix=x86_64-linux-gnu- --enable-shared --enable-linker-build-id --libexecdir=/usr/lib --without-included-gettext --enable-threads=posix --libdir=/usr/lib --enable-nls --enable-clocale=gnu --enable-libstdcxx-debug --enable-libstdcxx-time=yes --with-default-libstdcxx-abi=new --enable-gnu-unique-object --disable-vtable-verify --enable-plugin --enable-default-pie --with-system-zlib --with-target-system-zlib=auto --enable-objc-gc=auto --enable-multiarch --disable-werror --with-arch-32=i686 --with-abi=m64 --with-multilib-list=m32,m64,mx32 --enable-multilib --with-tune=generic --enable-offload-targets=nvptx-none=/build/gcc-9-Av3uEd/gcc-9-9.4.0/debian/tmp-nvptx/usr,hsa --without-cuda-driver --enable-checking=release --build=x86_64-linux-gnu --host=x86_64-linux-gnu --target=x86_64-linux-gnu
Thread model: posix
gcc version 9.4.0 (Ubuntu 9.4.0-1ubuntu1~20.04.1) 
COLLECT_GCC_OPTIONS='-v' '-o' 'CMakeFiles/cmTC_58fb2.dir/CMakeCXXCompilerABI.cpp.o' '-c' '-shared-libgcc' '-mtune=generic' '-march=x86-64'
 /usr/lib/gcc/x86_64-linux-gnu/9/cc1plus -quiet -v -imultiarch x86_64-linux-gnu -D_GNU_SOURCE /usr/share/cmake-3.16/Modules/CMakeCXXCompilerABI.cpp -quiet -dumpbase CMakeCXXCompilerABI.cpp -mtune=generic -march=x86-64 -auxbase-strip CMakeFiles/cmTC_58fb2.dir/CMakeCXXCompilerABI.cpp.o -version -fasynchronous-unwind-tables -fstack-protector-strong -Wformat -Wformat-security -fstack-clash-protection -fcf-protection -o /tmp/ccdNsfhp.s
GNU C++14 (Ubuntu 9.4.0-1ubuntu1~20.04.1) version 9.4.0 (x86_64-linux-gnu)
	compiled by GNU C version 9.4.0, GMP version 6.2.0, MPFR version 4.0.2, MPC version 1.1.0, isl version isl-0.22.1-GMP

GGC heuristics: --param ggc-min-expand=100 --param ggc-min-heapsize=131072
ignoring duplicate directory "/usr/include/x86_64-linux-gnu/c++/9"
ignoring nonexistent directory "/usr/local/include/x86_64-linux-gnu"
ignoring nonexistent directory "/usr/lib/gcc/x86_64-linux-gnu/9/include-fixed"
ignoring nonexistent directory "/usr/lib/gcc/x86_64-linux-gnu/9/../../../../x86_64-linux-gnu/include"
#include "..." search starts here:
#include <...> search starts here:
 /usr/include/c++/9
 /usr/include/x86_64-linux-gnu/c++/9
 /usr/include/c++/9/backward
 /usr/lib/gcc/x86_64-linux-gnu/9/include
 /usr/local/include
 /usr/include/x86_64-linux-gnu
 /usr/include
End of search list.
GNU C++14 (Ubuntu 9.4.0-1ubuntu1~20.04.1) version 9.4.0 (x86_64-linux-gnu)
	compiled by GNU C version 9.4.0, GMP version 6.2.0, MPFR version 4.0.2, MPC version 1.1.0, isl version isl-0.22.1-GMP

GGC heuristics: --param ggc-min-expand=100 --param ggc-min-heapsize=131072
Compiler executable checksum: 65fe925b83d3956b533de4aaba7dace0
COLLECT_GCC_OPTIONS='-v' '-o' 'CMakeFiles/cmTC_58fb2.dir/CMakeCXXCompilerABI.cpp.o' '-c' '-shared-libgcc' '-mtune=generic' '-march=x86-64'
 as -v --64 -o CMakeFiles/cmTC_58fb2.dir/CMakeCXXCompilerABI.cpp.o /tmp/ccdNsfhp.s
GNU assembler version 2.34 (x86_64-linux-gnu) using BFD version (GNU Binutils for Ubuntu) 2.34
COMPILER_PATH=/usr/lib/gcc/x86_64-linux-gnu/9/:/usr/lib/gcc/x86_64-linux-gnu/9/:/usr/lib/gcc/x86_64-linux-gnu/:/usr/lib/gcc/x86_64-linux-gnu/9/:/usr/lib/gcc/x86_64-linux-gnu/
LIBRARY_PATH=/usr/lib/gcc/x86_64-linux-gnu/9/:/usr/lib/gcc/x86_64-linux-gnu/9/../../../x86_64-linux-gnu/:/usr/lib/gcc/x86_64-linux-gnu/9/../../../../lib/:/lib/x86_64-linux-gnu/:/lib/../lib/:/usr/lib/x86_64-linux-gnu/:/usr/lib/../lib/:/usr/lib/gcc/x86_64-linux-gnu/9/../../../:/lib/:/usr/lib/
COLLECT_GCC_OPTIONS='-v' '-o' 'CMakeFiles/cmTC_58fb2.dir/CMakeCXXCompilerABI.cpp.o' '-c' '-shared-libgcc' '-mtune=generic' '-march=x86-64'
Linking CXX executable cmTC_58fb2
/usr/bin/cmake -E cmake_link_script CMakeFiles/cmTC_58fb2.dir/link.txt --verbose=1
/usr/bin/c++      -v -rdynamic CMakeFiles/cmTC_58fb2.dir/CMakeCXXCompilerABI.cpp.o  -o cmTC_58fb2 
Using built-in specs.
COLLECT_GCC=/usr/bin/c++
COLLECT_LTO_WRAPPER=/usr/lib/gcc/x86_64-linux-gnu/9/lto-wrapper
OFFLOAD_TARGET_NAMES=nvptx-none:hsa
OFFLOAD_TARGET_DEFAULT=1
Target: x86_64-linux-gnu
Configured with: ../src/configure -v --with-pkgversion='Ubuntu 9.4.0-1ubuntu1~20.04.1' --with-bugurl=file:///usr/share/doc/gcc-9/README.Bugs --enable-languages=c,ada,c++,go,brig,d,fortran,objc,obj-c++,gm2 --prefix=/usr --with-gcc-major-version-only --program-suffix=-9 --program-prefix=x86_64-linux-gnu- --enable-shared --enable-linker-build-id --libexecdir=/usr/lib --without-included-gettext --enable-threads=posix --libdir=/usr/lib --enable-nls --enable-clocale=gnu --enable-libstdcxx-debug --enable-libstdcxx-time=yes --with-default-libstdcxx-abi=new --enable-gnu-unique-object --disable-vtable-verify --enable-plugin --enable-default-pie --with-system-zlib --with-target-system-zlib=auto --enable-objc-gc=auto --enable-multiarch --disable-werror --with-arch-32=i686 --with-abi=m64 --with-multilib-list=m32,m64,mx32 --enable-multilib --with-tune=generic --enable-offload-targets=nvptx-none=/build/gcc-9-Av3uEd/gcc-9-9.4.0/debian/tmp-nvptx/usr,hsa --without-cuda-driver --enable-checking=release --build=x86_64-linux-gnu --host=x86_64-linux-gnu --target=x86_64-linux-gnu
Thread model: posix
gcc version 9.4.0 (Ubuntu 9.4.0-1ubuntu1~20.04.1) 
COMPILER_PATH=/usr/lib/gcc/x86_64-linux-gnu/9/:/usr/lib/gcc/x86_64-linux-gnu/9/:/usr/lib/gcc/x86_64-linux-gnu/:/usr/lib/gcc/x86_64-linux-gnu/9/:/usr/lib/gcc/x86_64-linux-gnu/
LIBRARY_PATH=/usr/lib/gcc/x86_64-linux-gnu/9/:/usr/lib/gcc/x86_64-linux-gnu/9/../../../x86_64-linux-gnu/:/usr/lib/gcc/x86_64-linux-gnu/9/../../../../lib/:/lib/x86_64-linux-gnu/:/lib/../lib/:/usr/lib/x86_64-linux-gnu/:/usr/lib/../lib/:/usr/lib/gcc/x86_64-linux-gnu/9/../../../:/lib/:/usr/lib/
COLLECT_GCC_OPTIONS='-v' '-rdynamic' '-o' 'cmTC_58fb2' '-shared-libgcc' '-mtune=generic' '-march=x86-64'
 /usr/lib/gcc/x86_64-linux-gnu/9/collect2 -plugin /usr/lib/gcc/x86_64-linux-gnu/9/liblto_plugin.so -plugin-opt=/usr/lib/gcc/x86_64-linux-gnu/9/lto-wrapper -plugin-opt=-fresolution=/tmp/cc7TyJwQ.res -plugin-opt=-pass-through=-lgcc_s -plugin-opt=-pass-through=-lgcc -plugin-opt=-pass-through=-lc -plugin-opt=-pass-through=-lgcc_s -plugin-opt=-pass-through=-lgcc --build-id --eh-frame-hdr -m elf_x86_64 --hash-style=gnu --as-needed -export-dynamic -dynamic-linker /lib64/ld-linux-x86-64.so.2 -pie -z now -z relro -o cmTC_58fb2 /usr/lib/gcc/x86_64-linux-gnu/9/../../../x86_64-linux-gnu/Scrt1.o /usr/lib/gcc/x86_64-linux-gnu/9/../../../x86_64-linux-gnu/crti.o /usr/lib/gcc/x86_64-linux-gnu/9/crtbeginS.o -L/usr/lib/gcc/x86_64-linux-gnu/9 -L/usr/lib/gcc/x86_64-linux-gnu/9/../../../x86_64-linux-gnu -L/usr/lib/gcc/x86_64-linux-gnu/9/../../../../lib -L/lib/x86_64-linux-gnu -L/lib/../lib -L/usr/lib/x86_64-linux-gnu -L/usr/lib/../lib -L/usr/lib/gcc/x86_64-linux-gnu/9/../../.. CMakeFiles/cmTC_58fb2.dir/CMakeCXXCompilerABI.cpp.o -lstdc++ -lm -lgcc_s -lgcc -lc -lgcc_s -lgcc /usr/lib/gcc/x86_64-linux-gnu/9/crtendS.o /usr/lib/gcc/x86_64-linux-gnu/9/../../../x86_64-linux-gnu/crtn.o
COLLECT_GCC_OPTIONS='-v' '-rdynamic' '-o' 'cmTC_58fb2' '-shared-libgcc' '-mtune=generic' '-march=x86-64'
make[1]: Leaving directory '/home/amir/Desktop/BC-SCAND/scandparser/build/CMakeFiles/CMakeTmp'



Parsed CXX implicit include dir info from above output: rv=done
  found start of include info
  found start of implicit include info
    add: [/usr/include/c++/9]
    add: [/usr/include/x86_64-linux-gnu/c++/9]
    add: [/usr/include/c++/9/backward]
    add: [/usr/lib/gcc/x86_64-linux-gnu/9/include]
    add: [/usr/local/include]
    add: [/usr/include/x86_64-linux-gnu]
    add: [/usr/include]
  end of search list found
  collapse include dir [/usr/include/c++/9] ==> [/usr/include/c++/9]
  collapse include dir [/usr/include/x86_64-linux-gnu/c++/9] ==> [/usr/include/x86_64-linux-gnu/c++/9]
  collapse include dir [/usr/include/c++/9/backward] ==> [/usr/include/c++/9/backward]
  collapse include dir [/usr/lib/gcc/x86_64-linux-gnu/9/include] ==> [/usr/lib/gcc/x86_64-linux-gnu/9/include]
  collapse include dir [/usr/local/include] ==> [/usr/local/include]
  collapse include dir [/usr/include/x86_64-linux-gnu] ==> [/usr/include/x86_64-linux-gnu]
  collapse include dir [/usr/include] ==> [/usr/include]
  implicit include dirs: [/usr/include/c++/9;/usr/include/x86_64-linux-gnu/c++/9;/usr/include/c++/9/backward;/usr/lib/gcc/x86_64-linux-gnu/9/include;/usr/local/include;/usr/include/x86_64-linux-gnu;/usr/include]


Parsed CXX implicit link information from above output:
  link line regex: [^( *|.*[/\])(ld|CMAKE_LINK_STARTFILE-NOTFOUND|([^/\]+-)?ld|collect2)[^/\]*( |$)]
  ignore line: [Change Dir: /home/amir/Desktop/BC-SCAND/scandparser/build/CMakeFiles/CMakeTmp]
  ignore line: []
  ignore line: [Run Build Command(s):/usr/bin/make cmTC_58fb2/fast && /usr/bin/make -f CMakeFiles/cmTC_58fb2.dir/build.make CMakeFiles/cmTC_58fb2.dir/build]
  ignore line: [make[1]: Entering directory '/home/amir/Desktop/BC-SCAND/scandparser/build/CMakeFiles/CMakeTmp']
  ignore line: [Building CXX object CMakeFiles/cmTC_58fb2.dir/CMakeCXXCompilerABI.cpp.o]
  ignore line: [/usr/bin/c++    -v -o CMakeFiles/cmTC_58fb2.dir/CMakeCXXCompilerABI.cpp.o -c /usr/share/cmake-3.16/Modules/CMakeCXXCompilerABI.cpp]
  ignore line: [Using built-in specs.]
  ignore line: [COLLECT_GCC=/usr/bin/c++]
  ignore line: [OFFLOAD_TARGET_NAMES=nvptx-none:hsa]
  ignore line: [OFFLOAD_TARGET_DEFAULT=1]
  ignore line: [Target: x86_64-linux-gnu]
  ignore line: [Configured with: ../src/configure -v --with-pkgversion='Ubuntu 9.4.0-1ubuntu1~20.04.1' --with-bugurl=file:///usr/share/doc/gcc-9/README.Bugs --enable-languages=c ada c++ go brig d fortran objc obj-c++ gm2 --prefix=/usr --with-gcc-major-version-only --program-suffix=-9 --program-prefix=x86_64-linux-gnu- --enable-shared --enable-linker-build-id --libexecdir=/usr/lib --without-included-gettext --enable-threads=posix --libdir=/usr/lib --enable-nls --enable-clocale=gnu --enable-libstdcxx-debug --enable-libstdcxx-time=yes --with-default-libstdcxx-abi=new --enable-gnu-unique-object --disable-vtable-verify --enable-plugin --enable-default-pie --with-system-zlib --with-target-system-zlib=auto --enable-objc-gc=auto --enable-multiarch --disable-werror --with-arch-32=i686 --with-abi=m64 --with-multilib-list=m32 m64 mx32 --enable-multilib --with-tune=generic --enable-offload-targets=nvptx-none=/build/gcc-9-Av3uEd/gcc-9-9.4.0/debian/tmp-nvptx/usr hsa --without-cuda-driver --enable-checking=release --build=x86_64-linux-gnu --host=x86_64-linux-gnu --target=x86_64-linux-gnu]
  ignore line: [Thread model: posix]
  ignore line: [gcc version 9.4.0 (Ubuntu 9.4.0-1ubuntu1~20.04.1) ]
  ignore line: [COLLECT_GCC_OPTIONS='-v' '-o' 'CMakeFiles/cmTC_58fb2.dir/CMakeCXXCompilerABI.cpp.o' '-c' '-shared-libgcc' '-mtune=generic' '-march=x86-64']
  ignore line: [ /usr/lib/gcc/x86_64-linux-gnu/9/cc1plus -quiet -v -imultiarch x86_64-linux-gnu -D_GNU_SOURCE /usr/share/cmake-3.16/Modules/CMakeCXXCompilerABI.cpp -quiet -dumpbase CMakeCXXCompilerABI.cpp -mtune=generic -march=x86-64 -auxbase-strip CMakeFiles/cmTC_58fb2.dir/CMakeCXXCompilerABI.cpp.o -version -fasynchronous-unwind-tables -fstack-protector-strong -Wformat -Wformat-security -fstack-clash-protection -fcf-protection -o /tmp/ccdNsfhp.s]
  ignore line: [GNU C++14 (Ubuntu 9.4.0-1ubuntu1~20.04.1) version 9.4.0 (x86_64-linux-gnu)]
  ignore line: [	compiled by GNU C version 9.4.0  GMP version 6.2.0  MPFR version 4.0.2  MPC version 1.1.0  isl version isl-0.22.1-GMP]
  ignore line: []
  ignore line: [GGC heuristics: --param ggc-min-expand=100 --param ggc-min-heapsize=131072]
  ignore line: [ignoring duplicate directory "/usr/include/x86_64-linux-gnu/c++/9"]
  ignore line: [ignoring nonexistent directory "/usr/local/include/x86_64-linux-gnu"]
  ignore line: [ignoring nonexistent directory "/usr/lib/gcc/x86_64-linux-gnu/9/include-fixed"]
  ignore line: [ignoring nonexistent directory "/usr/lib/gcc/x86_64-linux-gnu/9/../../../../x86_64-linux-gnu/include"]
  ignore line: [#include "..." search starts here:]
  ignore line: [#include <...> search starts here:]
  ignore line: [ /usr/include/c++/9]
  ignore line: [ /usr/include/x86_64-linux-gnu/c++/9]
  ignore line: [ /usr/include/c++/9/backward]
  ignore line: [ /usr/lib/gcc/x86_64-linux-gnu/9/include]
  ignore line: [ /usr/local/include]
  ignore line: [ /usr/include/x86_64-linux-gnu]
  ignore line: [ /usr/include]
  ignore line: [End of search list.]
  ignore line: [GNU C++14 (Ubuntu 9.4.0-1ubuntu1~20.04.1) version 9.4.0 (x86_64-linux-gnu)]
  ignore line: [	compiled by GNU C version 9.4.0  GMP version 6.2.0  MPFR version 4.0.2  MPC version 1.1.0  isl version isl-0.22.1-GMP]
  ignore line: []
  ignore line: [GGC heuristics: --param ggc-min-expand=100 --param ggc-min-heapsize=131072]
  ignore line: [Compiler executable checksum: 65fe925b83d3956b533de4aaba7dace0]
  ignore line: [COLLECT_GCC_OPTIONS='-v' '-o' 'CMakeFiles/cmTC_58fb2.dir/CMakeCXXCompilerABI.cpp.o' '-c' '-shared-libgcc' '-mtune=generic' '-march=x86-64']
  ignore line: [ as -v --64 -o CMakeFiles/cmTC_58fb2.dir/CMakeCXXCompilerABI.cpp.o /tmp/ccdNsfhp.s]
  ignore line: [GNU assembler version 2.34 (x86_64-linux-gnu) using BFD version (GNU Binutils for Ubuntu) 2.34]
  ignore line: [COMPILER_PATH=/usr/lib/gcc/x86_64-linux-gnu/9/:/usr/lib/gcc/x86_64-linux-gnu/9/:/usr/lib/gcc/x86_64-linux-gnu/:/usr/lib/gcc/x86_64-linux-gnu/9/:/usr/lib/gcc/x86_64-linux-gnu/]
  ignore line: [LIBRARY_PATH=/usr/lib/gcc/x86_64-linux-gnu/9/:/usr/lib/gcc/x86_64-linux-gnu/9/../../../x86_64-linux-gnu/:/usr/lib/gcc/x86_64-linux-gnu/9/../../../../lib/:/lib/x86_64-linux-gnu/:/lib/../lib/:/usr/lib/x86_64-linux-gnu/:/usr/lib/../lib/:/usr/lib/gcc/x86_64-linux-gnu/9/../../../:/lib/:/usr/lib/]
  ignore line: [COLLECT_GCC_OPTIONS='-v' '-o' 'CMakeFiles/cmTC_58fb2.dir/CMakeCXXCompilerABI.cpp.o' '-c' '-shared-libgcc' '-mtune=generic' '-march=x86-64']
  ignore line: [Linking CXX executable cmTC_58fb2]
  ignore line: [/usr/bin/cmake -E cmake_link_script CMakeFiles/cmTC_58fb2.dir/link.txt --verbose=1]
  ignore line: [/usr/bin/c++      -v -rdynamic CMakeFiles/cmTC_58fb2.dir/CMakeCXXCompilerABI.cpp.o  -o cmTC_58fb2 ]
  ignore line: [Using built-in specs.]
  ignore line: [COLLECT_GCC=/usr/bin/c++]
  ignore line: [COLLECT_LTO_WRAPPER=/usr/lib/gcc/x86_64-linux-gnu/9/lto-wrapper]
  ignore line: [OFFLOAD_TARGET_NAMES=nvptx-none:hsa]
  ignore line: [OFFLOAD_TARGET_DEFAULT=1]
  ignore line: [Target: x86_64-linux-gnu]
  ignore line: [Configured with: ../src/configure -v --with-pkgversion='Ubuntu 9.4.0-1ubuntu1~20.04.1' --with-bugurl=file:///usr/share/doc/gcc-9/README.Bugs --enable-languages=c ada c++ go brig d fortran objc obj-c++ gm2 --prefix=/usr --with-gcc-major-version-only --program-suffix=-9 --program-prefix=x86_64-linux-gnu- --enable-shared --enable-linker-build-id --libexecdir=/usr/lib --without-included-gettext --enable-threads=posix --libdir=/usr/lib --enable-nls --enable-clocale=gnu --enable-libstdcxx-debug --enable-libstdcxx-time=yes --with-default-libstdcxx-abi=new --enable-gnu-unique-object --disable-vtable-verify --enable-plugin --enable-default-pie --with-system-zlib --with-target-system-zlib=auto --enable-objc-gc=auto --enable-multiarch --disable-werror --with-arch-32=i686 --with-abi=m64 --with-multilib-list=m32 m64 mx32 --enable-multilib --with-tune=generic --enable-offload-targets=nvptx-none=/build/gcc-9-Av3uEd/gcc-9-9.4.0/debian/tmp-nvptx/usr hsa --without-cuda-driver --enable-checking=release --build=x86_64-linux-gnu --host=x86_64-linux-gnu --target=x86_64-linux-gnu]
  ignore line: [Thread model: posix]
  ignore line: [gcc version 9.4.0 (Ubuntu 9.4.0-1ubuntu1~20.04.1) ]
  ignore line: [COMPILER_PATH=/usr/lib/gcc/x86_64-linux-gnu/9/:/usr/lib/gcc/x86_64-linux-gnu/9/:/usr/lib/gcc/x86_64-linux-gnu/:/usr/lib/gcc/x86_64-linux-gnu/9/:/usr/lib/gcc/x86_64-linux-gnu/]
  ignore line: [LIBRARY_PATH=/usr/lib/gcc/x86_64-linux-gnu/9/:/usr/lib/gcc/x86_64-linux-gnu/9/../../../x86_64-linux-gnu/:/usr/lib/gcc/x86_64-linux-gnu/9/../../../../lib/:/lib/x86_64-linux-gnu/:/lib/../lib/:/usr/lib/x86_64-linux-gnu/:/usr/lib/../lib/:/usr/lib/gcc/x86_64-linux-gnu/9/../../../:/lib/:/usr/lib/]
  ignore line: [COLLECT_GCC_OPTIONS='-v' '-rdynamic' '-o' 'cmTC_58fb2' '-shared-libgcc' '-mtune=generic' '-march=x86-64']
  link line: [ /usr/lib/gcc/x86_64-linux-gnu/9/collect2 -plugin /usr/lib/gcc/x86_64-linux-gnu/9/liblto_plugin.so -plugin-opt=/usr/lib/gcc/x86_64-linux-gnu/9/lto-wrapper -plugin-opt=-fresolution=/tmp/cc7TyJwQ.res -plugin-opt=-pass-through=-lgcc_s -plugin-opt=-pass-through=-lgcc -plugin-opt=-pass-through=-lc -plugin-opt=-pass-through=-lgcc_s -plugin-opt=-pass-through=-lgcc --build-id --eh-frame-hdr -m elf_x86_64 --hash-style=gnu --as-needed -export-dynamic -dynamic-linker /lib64/ld-linux-x86-64.so.2 -pie -z now -z relro -o cmTC_58fb2 /usr/lib/gcc/x86_64-linux-gnu/9/../../../x86_64-linux-gnu/Scrt1.o /usr/lib/gcc/x86_64-linux-gnu/9/../../../x86_64-linux-gnu/crti.o /usr/lib/gcc/x86_64-linux-gnu/9/crtbeginS.o -L/usr/lib/gcc/x86_64-linux-gnu/9 -L/usr/lib/gcc/x86_64-linux-gnu/9/../../../x86_64-linux-gnu -L/usr/lib/gcc/x86_64-linux-gnu/9/../../../../lib -L/lib/x86_64-linux-gnu -L/lib/../lib -L/usr/lib/x86_64-linux-gnu -L/usr/lib/../lib -L/usr/lib/gcc/x86_64-linux-gnu/9/../../.. CMakeFiles/cmTC_58fb2.dir/CMakeCXXCompilerABI.cpp.o -lstdc++ -lm -lgcc_s -lgcc -lc -lgcc_s -lgcc /usr/lib/gcc/x86_64-linux-gnu/9/crtendS.o /usr/lib/gcc/x86_64-linux-gnu/9/../../../x86_64-linux-gnu/crtn.o]
    arg [/usr/lib/gcc/x86_64-linux-gnu/9/collect2] ==> ignore
    arg [-plugin] ==> ignore
    arg [/usr/lib/gcc/x86_64-linux-gnu/9/liblto_plugin.so] ==> ignore
    arg [-plugin-opt=/usr/lib/gcc/x86_64-linux-gnu/9/lto-wrapper] ==> ignore
    arg [-plugin-opt=-fresolution=/tmp/cc7TyJwQ.res] ==> ignore
    arg [-plugin-opt=-pass-through=-lgcc_s] ==> ignore
    arg [-plugin-opt=-pass-through=-lgcc] ==> ignore
    arg [-plugin-opt=-pass-through=-lc] ==> ignore
    arg [-plugin-opt=-pass-through=-lgcc_s] ==> ignore
    arg [-plugin-opt=-pass-through=-lgcc] ==> ignore
    arg [--build-id] ==> ignore
    arg [--eh-frame-hdr] ==> ignore
    arg [-m] ==> ignore
    arg [elf_x86_64] ==> ignore
    arg [--hash-style=gnu] ==> ignore
    arg [--as-needed] ==> ignore
    arg [-export-dynamic] ==> ignore
    arg [-dynamic-linker] ==> ignore
    arg [/lib64/ld-linux-x86-64.so.2] ==> ignore
    arg [-pie] ==> ignore
    arg [-znow] ==> ignore
    arg [-zrelro] ==> ignore
    arg [-o] ==> ignore
    arg [cmTC_58fb2] ==> ignore
    arg [/usr/lib/gcc/x86_64-linux-gnu/9/../../../x86_64-linux-gnu/Scrt1.o] ==> ignore
    arg [/usr/lib/gcc/x86_64-linux-gnu/9/../../../x86_64-linux-gnu/crti.o] ==> ignore
    arg [/usr/lib/gcc/x86_64-linux-gnu/9/crtbeginS.o] ==> ignore
    arg [-L/usr/lib/gcc/x86_64-linux-gnu/9] ==> dir [/usr/lib/gcc/x86_64-linux-gnu/9]
    arg [-L/usr/lib/gcc/x86_64-linux-gnu/9/../../../x86_64-linux-gnu] ==> dir [/usr/lib/gcc/x86_64-linux-gnu/9/../../../x86_64-linux-gnu]
    arg [-L/usr/lib/gcc/x86_64-linux-gnu/9/../../../../lib] ==> dir [/usr/lib/gcc/x86_64-linux-gnu/9/../../../../lib]
    arg [-L/lib/x86_64-linux-gnu] ==> dir [/lib/x86_64-linux-gnu]
    arg [-L/lib/../lib] ==> dir [/lib/../lib]
    arg [-L/usr/lib/x86_64-linux-gnu] ==> dir [/usr/lib/x86_64-linux-gnu]
    arg [-L/usr/lib/../lib] ==> dir [/usr/lib/../lib]
    arg [-L/usr/lib/gcc/x86_64-linux-gnu/9/../../..] ==> dir [/usr/lib/gcc/x86_64-linux-gnu/9/../../..]
    arg [CMakeFiles/cmTC_58fb2.dir/CMakeCXXCompilerABI.cpp.o] ==> ignore
    arg [-lstdc++] ==> lib [stdc++]
    arg [-lm] ==> lib [m]
    arg [-lgcc_s] ==> lib [gcc_s]
    arg [-lgcc] ==> lib [gcc]
    arg [-lc] ==> lib [c]
    arg [-lgcc_s] ==> lib [gcc_s]
    arg [-lgcc] ==> lib [gcc]
    arg [/usr/lib/gcc/x86_64-linux-gnu/9/crtendS.o] ==> ignore
    arg [/usr/lib/gcc/x86_64-linux-gnu/9/../../../x86_64-linux-gnu/crtn.o] ==> ignore
  collapse library dir [/usr/lib/gcc/x86_64-linux-gnu/9] ==> [/usr/lib/gcc/x86_64-linux-gnu/9]
  collapse library dir [/usr/lib/gcc/x86_64-linux-gnu/9/../../../x86_64-linux-gnu] ==> [/usr/lib/x86_64-linux-gnu]
  collapse library dir [/usr/lib/gcc/x86_64-linux-gnu/9/../../../../lib] ==> [/usr/lib]
  collapse library dir [/lib/x86_64-linux-gnu] ==> [/lib/x86_64-linux-gnu]
  collapse library dir [/lib/../lib] ==> [/lib]
  collapse library dir [/usr/lib/x86_64-linux-gnu] ==> [/usr/lib/x86_64-linux-gnu]
  collapse library dir [/usr/lib/../lib] ==> [/usr/lib]
  collapse library dir [/usr/lib/gcc/x86_64-linux-gnu/9/../../..] ==> [/usr/lib]
  implicit libs: [stdc++;m;gcc_s;gcc;c;gcc_s;gcc]
  implicit dirs: [/usr/lib/gcc/x86_64-linux-gnu/9;/usr/lib/x86_64-linux-gnu;/usr/lib;/lib/x86_64-linux-gnu;/lib]
  implicit fwks: []


Determining if the include file pthread.h exists passed with the following output:
Change Dir: /home/amir/Desktop/BC-SCAND/scandparser/build/CMakeFiles/CMakeTmp

Run Build Command(s):/usr/bin/make cmTC_1ab57/fast && /usr/bin/make -f CMakeFiles/cmTC_1ab57.dir/build.make CMakeFiles/cmTC_1ab57.dir/build
make[1]: Entering directory '/home/amir/Desktop/BC-SCAND/scandparser/build/CMakeFiles/CMakeTmp'
Building C object CMakeFiles/cmTC_1ab57.dir/CheckIncludeFile.c.o
/home/amir/anaconda3/envs/scand/bin/cc    -o CMakeFiles/cmTC_1ab57.dir/CheckIncludeFile.c.o   -c /home/amir/Desktop/BC-SCAND/scandparser/build/CMakeFiles/CMakeTmp/CheckIncludeFile.c
Linking C executable cmTC_1ab57
/usr/bin/cmake -E cmake_link_script CMakeFiles/cmTC_1ab57.dir/link.txt --verbose=1
/home/amir/anaconda3/envs/scand/bin/cc      -rdynamic CMakeFiles/cmTC_1ab57.dir/CheckIncludeFile.c.o  -o cmTC_1ab57 
make[1]: Leaving directory '/home/amir/Desktop/BC-SCAND/scandparser/build/CMakeFiles/CMakeTmp'



Determining if the function pthread_create exists in the pthread passed with the following output:
Change Dir: /home/amir/Desktop/BC-SCAND/scandparser/build/CMakeFiles/CMakeTmp

Run Build Command(s):/usr/bin/make cmTC_b9203/fast && /usr/bin/make -f CMakeFiles/cmTC_b9203.dir/build.make CMakeFiles/cmTC_b9203.dir/build
make[1]: Entering directory '/home/amir/Desktop/BC-SCAND/scandparser/build/CMakeFiles/CMakeTmp'
Building C object CMakeFiles/cmTC_b9203.dir/CheckFunctionExists.c.o
/home/amir/anaconda3/envs/scand/bin/cc   -DCHECK_FUNCTION_EXISTS=pthread_create   -o CMakeFiles/cmTC_b9203.dir/CheckFunctionExists.c.o   -c /usr/share/cmake-3.16/Modules/CheckFunctionExists.c
Linking C executable cmTC_b9203
/usr/bin/cmake -E cmake_link_script CMakeFiles/cmTC_b9203.dir/link.txt --verbose=1
/home/amir/anaconda3/envs/scand/bin/cc  -DCHECK_FUNCTION_EXISTS=pthread_create    -rdynamic CMakeFiles/cmTC_b9203.dir/CheckFunctionExists.c.o  -o cmTC_b9203  -lpthread 
make[1]: Leaving directory '/home/amir/Desktop/BC-SCAND/scandparser/build/CMakeFiles/CMakeTmp'



Determining if the include file FL/Fl.H exists passed with the following output:
Change Dir: /home/amir/Desktop/BC-SCAND/scandparser/build/CMakeFiles/CMakeTmp

Run Build Command(s):/usr/bin/make cmTC_c2374/fast && /usr/bin/make -f CMakeFiles/cmTC_c2374.dir/build.make CMakeFiles/cmTC_c2374.dir/build
make[1]: Entering directory '/home/amir/Desktop/BC-SCAND/scandparser/build/CMakeFiles/CMakeTmp'
Building CXX object CMakeFiles/cmTC_c2374.dir/CheckIncludeFile.cxx.o
/usr/bin/c++     -o CMakeFiles/cmTC_c2374.dir/CheckIncludeFile.cxx.o -c /home/amir/Desktop/BC-SCAND/scandparser/build/CMakeFiles/CMakeTmp/CheckIncludeFile.cxx
Linking CXX executable cmTC_c2374
/usr/bin/cmake -E cmake_link_script CMakeFiles/cmTC_c2374.dir/link.txt --verbose=1
/usr/bin/c++        -rdynamic CMakeFiles/cmTC_c2374.dir/CheckIncludeFile.cxx.o  -o cmTC_c2374 
make[1]: Leaving directory '/home/amir/Desktop/BC-SCAND/scandparser/build/CMakeFiles/CMakeTmp'



